<?xml version="1.0" encoding="UTF-8"?>
<testsuite xmlns:xsi="http://www.w3.org/2001/XMLSchema-instance" xsi:noNamespaceSchemaLocation="https://maven.apache.org/surefire/maven-surefire-plugin/xsd/surefire-test-report.xsd" name="com.yjxxt.AppTest" time="0.005" tests="1" errors="0" skipped="0" failures="0">
  <properties>
    <property name="sun.desktop" value="windows"/>
    <property name="awt.toolkit" value="sun.awt.windows.WToolkit"/>
    <property name="java.specification.version" value="11"/>
    <property name="sun.cpu.isalist" value="amd64"/>
    <property name="sun.jnu.encoding" value="GBK"/>
    <property name="java.class.path" value="D:\IDEA\CRM\crm_01\target\test-classes;D:\IDEA\CRM\crm_01\target\classes;D:\install-package\apache-maven-3.8.2-bin\apache-maven-3.8.2\myRes\junit\junit\4.12\junit-4.12.jar;D:\install-package\apache-maven-3.8.2-bin\apache-maven-3.8.2\myRes\org\hamcrest\hamcrest-core\2.1\hamcrest-core-2.1.jar;D:\install-package\apache-maven-3.8.2-bin\apache-maven-3.8.2\myRes\org\springframework\boot\spring-boot-starter-web\2.2.2.RELEASE\spring-boot-starter-web-2.2.2.RELEASE.jar;D:\install-package\apache-maven-3.8.2-bin\apache-maven-3.8.2\myRes\org\springframework\boot\spring-boot-starter\2.2.2.RELEASE\spring-boot-starter-2.2.2.RELEASE.jar;D:\install-package\apache-maven-3.8.2-bin\apache-maven-3.8.2\myRes\org\springframework\boot\spring-boot-starter-logging\2.2.2.RELEASE\spring-boot-starter-logging-2.2.2.RELEASE.jar;D:\install-package\apache-maven-3.8.2-bin\apache-maven-3.8.2\myRes\ch\qos\logback\logback-classic\1.2.3\logback-classic-1.2.3.jar;D:\install-package\apache-maven-3.8.2-bin\apache-maven-3.8.2\myRes\ch\qos\logback\logback-core\1.2.3\logback-core-1.2.3.jar;D:\install-package\apache-maven-3.8.2-bin\apache-maven-3.8.2\myRes\org\apache\logging\log4j\log4j-to-slf4j\2.12.1\log4j-to-slf4j-2.12.1.jar;D:\install-package\apache-maven-3.8.2-bin\apache-maven-3.8.2\myRes\org\apache\logging\log4j\log4j-api\2.12.1\log4j-api-2.12.1.jar;D:\install-package\apache-maven-3.8.2-bin\apache-maven-3.8.2\myRes\org\slf4j\jul-to-slf4j\1.7.29\jul-to-slf4j-1.7.29.jar;D:\install-package\apache-maven-3.8.2-bin\apache-maven-3.8.2\myRes\jakarta\annotation\jakarta.annotation-api\1.3.5\jakarta.annotation-api-1.3.5.jar;D:\install-package\apache-maven-3.8.2-bin\apache-maven-3.8.2\myRes\org\yaml\snakeyaml\1.25\snakeyaml-1.25.jar;D:\install-package\apache-maven-3.8.2-bin\apache-maven-3.8.2\myRes\org\springframework\boot\spring-boot-starter-json\2.2.2.RELEASE\spring-boot-starter-json-2.2.2.RELEASE.jar;D:\install-package\apache-maven-3.8.2-bin\apache-maven-3.8.2\myRes\com\fasterxml\jackson\core\jackson-databind\2.10.1\jackson-databind-2.10.1.jar;D:\install-package\apache-maven-3.8.2-bin\apache-maven-3.8.2\myRes\com\fasterxml\jackson\core\jackson-annotations\2.10.1\jackson-annotations-2.10.1.jar;D:\install-package\apache-maven-3.8.2-bin\apache-maven-3.8.2\myRes\com\fasterxml\jackson\core\jackson-core\2.10.1\jackson-core-2.10.1.jar;D:\install-package\apache-maven-3.8.2-bin\apache-maven-3.8.2\myRes\com\fasterxml\jackson\datatype\jackson-datatype-jdk8\2.10.1\jackson-datatype-jdk8-2.10.1.jar;D:\install-package\apache-maven-3.8.2-bin\apache-maven-3.8.2\myRes\com\fasterxml\jackson\datatype\jackson-datatype-jsr310\2.10.1\jackson-datatype-jsr310-2.10.1.jar;D:\install-package\apache-maven-3.8.2-bin\apache-maven-3.8.2\myRes\com\fasterxml\jackson\module\jackson-module-parameter-names\2.10.1\jackson-module-parameter-names-2.10.1.jar;D:\install-package\apache-maven-3.8.2-bin\apache-maven-3.8.2\myRes\org\springframework\boot\spring-boot-starter-tomcat\2.2.2.RELEASE\spring-boot-starter-tomcat-2.2.2.RELEASE.jar;D:\install-package\apache-maven-3.8.2-bin\apache-maven-3.8.2\myRes\org\apache\tomcat\embed\tomcat-embed-core\9.0.29\tomcat-embed-core-9.0.29.jar;D:\install-package\apache-maven-3.8.2-bin\apache-maven-3.8.2\myRes\org\apache\tomcat\embed\tomcat-embed-el\9.0.29\tomcat-embed-el-9.0.29.jar;D:\install-package\apache-maven-3.8.2-bin\apache-maven-3.8.2\myRes\org\apache\tomcat\embed\tomcat-embed-websocket\9.0.29\tomcat-embed-websocket-9.0.29.jar;D:\install-package\apache-maven-3.8.2-bin\apache-maven-3.8.2\myRes\org\springframework\boot\spring-boot-starter-validation\2.2.2.RELEASE\spring-boot-starter-validation-2.2.2.RELEASE.jar;D:\install-package\apache-maven-3.8.2-bin\apache-maven-3.8.2\myRes\jakarta\validation\jakarta.validation-api\2.0.1\jakarta.validation-api-2.0.1.jar;D:\install-package\apache-maven-3.8.2-bin\apache-maven-3.8.2\myRes\org\hibernate\validator\hibernate-validator\6.0.18.Final\hibernate-validator-6.0.18.Final.jar;D:\install-package\apache-maven-3.8.2-bin\apache-maven-3.8.2\myRes\org\jboss\logging\jboss-logging\3.4.1.Final\jboss-logging-3.4.1.Final.jar;D:\install-package\apache-maven-3.8.2-bin\apache-maven-3.8.2\myRes\com\fasterxml\classmate\1.5.1\classmate-1.5.1.jar;D:\install-package\apache-maven-3.8.2-bin\apache-maven-3.8.2\myRes\org\springframework\spring-web\5.2.2.RELEASE\spring-web-5.2.2.RELEASE.jar;D:\install-package\apache-maven-3.8.2-bin\apache-maven-3.8.2\myRes\org\springframework\spring-beans\5.2.2.RELEASE\spring-beans-5.2.2.RELEASE.jar;D:\install-package\apache-maven-3.8.2-bin\apache-maven-3.8.2\myRes\org\springframework\spring-webmvc\5.2.2.RELEASE\spring-webmvc-5.2.2.RELEASE.jar;D:\install-package\apache-maven-3.8.2-bin\apache-maven-3.8.2\myRes\org\springframework\spring-context\5.2.2.RELEASE\spring-context-5.2.2.RELEASE.jar;D:\install-package\apache-maven-3.8.2-bin\apache-maven-3.8.2\myRes\org\springframework\spring-expression\5.2.2.RELEASE\spring-expression-5.2.2.RELEASE.jar;D:\install-package\apache-maven-3.8.2-bin\apache-maven-3.8.2\myRes\org\springframework\boot\spring-boot-starter-aop\2.2.2.RELEASE\spring-boot-starter-aop-2.2.2.RELEASE.jar;D:\install-package\apache-maven-3.8.2-bin\apache-maven-3.8.2\myRes\org\springframework\spring-aop\5.2.2.RELEASE\spring-aop-5.2.2.RELEASE.jar;D:\install-package\apache-maven-3.8.2-bin\apache-maven-3.8.2\myRes\org\aspectj\aspectjweaver\1.9.5\aspectjweaver-1.9.5.jar;D:\install-package\apache-maven-3.8.2-bin\apache-maven-3.8.2\myRes\org\springframework\boot\spring-boot-starter-freemarker\2.2.2.RELEASE\spring-boot-starter-freemarker-2.2.2.RELEASE.jar;D:\install-package\apache-maven-3.8.2-bin\apache-maven-3.8.2\myRes\org\freemarker\freemarker\2.3.29\freemarker-2.3.29.jar;D:\install-package\apache-maven-3.8.2-bin\apache-maven-3.8.2\myRes\org\springframework\spring-context-support\5.2.2.RELEASE\spring-context-support-5.2.2.RELEASE.jar;D:\install-package\apache-maven-3.8.2-bin\apache-maven-3.8.2\myRes\org\springframework\boot\spring-boot-starter-test\2.2.2.RELEASE\spring-boot-starter-test-2.2.2.RELEASE.jar;D:\install-package\apache-maven-3.8.2-bin\apache-maven-3.8.2\myRes\org\springframework\boot\spring-boot-test\2.2.2.RELEASE\spring-boot-test-2.2.2.RELEASE.jar;D:\install-package\apache-maven-3.8.2-bin\apache-maven-3.8.2\myRes\org\springframework\boot\spring-boot-test-autoconfigure\2.2.2.RELEASE\spring-boot-test-autoconfigure-2.2.2.RELEASE.jar;D:\install-package\apache-maven-3.8.2-bin\apache-maven-3.8.2\myRes\com\jayway\jsonpath\json-path\2.4.0\json-path-2.4.0.jar;D:\install-package\apache-maven-3.8.2-bin\apache-maven-3.8.2\myRes\net\minidev\json-smart\2.3\json-smart-2.3.jar;D:\install-package\apache-maven-3.8.2-bin\apache-maven-3.8.2\myRes\net\minidev\accessors-smart\1.2\accessors-smart-1.2.jar;D:\install-package\apache-maven-3.8.2-bin\apache-maven-3.8.2\myRes\org\ow2\asm\asm\5.0.4\asm-5.0.4.jar;D:\install-package\apache-maven-3.8.2-bin\apache-maven-3.8.2\myRes\org\slf4j\slf4j-api\1.7.29\slf4j-api-1.7.29.jar;D:\install-package\apache-maven-3.8.2-bin\apache-maven-3.8.2\myRes\jakarta\xml\bind\jakarta.xml.bind-api\2.3.2\jakarta.xml.bind-api-2.3.2.jar;D:\install-package\apache-maven-3.8.2-bin\apache-maven-3.8.2\myRes\jakarta\activation\jakarta.activation-api\1.2.1\jakarta.activation-api-1.2.1.jar;D:\install-package\apache-maven-3.8.2-bin\apache-maven-3.8.2\myRes\org\junit\jupiter\junit-jupiter\5.5.2\junit-jupiter-5.5.2.jar;D:\install-package\apache-maven-3.8.2-bin\apache-maven-3.8.2\myRes\org\junit\jupiter\junit-jupiter-api\5.5.2\junit-jupiter-api-5.5.2.jar;D:\install-package\apache-maven-3.8.2-bin\apache-maven-3.8.2\myRes\org\opentest4j\opentest4j\1.2.0\opentest4j-1.2.0.jar;D:\install-package\apache-maven-3.8.2-bin\apache-maven-3.8.2\myRes\org\junit\platform\junit-platform-commons\1.5.2\junit-platform-commons-1.5.2.jar;D:\install-package\apache-maven-3.8.2-bin\apache-maven-3.8.2\myRes\org\junit\jupiter\junit-jupiter-params\5.5.2\junit-jupiter-params-5.5.2.jar;D:\install-package\apache-maven-3.8.2-bin\apache-maven-3.8.2\myRes\org\junit\jupiter\junit-jupiter-engine\5.5.2\junit-jupiter-engine-5.5.2.jar;D:\install-package\apache-maven-3.8.2-bin\apache-maven-3.8.2\myRes\org\junit\vintage\junit-vintage-engine\5.5.2\junit-vintage-engine-5.5.2.jar;D:\install-package\apache-maven-3.8.2-bin\apache-maven-3.8.2\myRes\org\apiguardian\apiguardian-api\1.1.0\apiguardian-api-1.1.0.jar;D:\install-package\apache-maven-3.8.2-bin\apache-maven-3.8.2\myRes\org\junit\platform\junit-platform-engine\1.5.2\junit-platform-engine-1.5.2.jar;D:\install-package\apache-maven-3.8.2-bin\apache-maven-3.8.2\myRes\org\mockito\mockito-junit-jupiter\3.1.0\mockito-junit-jupiter-3.1.0.jar;D:\install-package\apache-maven-3.8.2-bin\apache-maven-3.8.2\myRes\org\assertj\assertj-core\3.13.2\assertj-core-3.13.2.jar;D:\install-package\apache-maven-3.8.2-bin\apache-maven-3.8.2\myRes\org\hamcrest\hamcrest\2.1\hamcrest-2.1.jar;D:\install-package\apache-maven-3.8.2-bin\apache-maven-3.8.2\myRes\org\mockito\mockito-core\3.1.0\mockito-core-3.1.0.jar;D:\install-package\apache-maven-3.8.2-bin\apache-maven-3.8.2\myRes\net\bytebuddy\byte-buddy\1.10.4\byte-buddy-1.10.4.jar;D:\install-package\apache-maven-3.8.2-bin\apache-maven-3.8.2\myRes\net\bytebuddy\byte-buddy-agent\1.10.4\byte-buddy-agent-1.10.4.jar;D:\install-package\apache-maven-3.8.2-bin\apache-maven-3.8.2\myRes\org\objenesis\objenesis\2.6\objenesis-2.6.jar;D:\install-package\apache-maven-3.8.2-bin\apache-maven-3.8.2\myRes\org\skyscreamer\jsonassert\1.5.0\jsonassert-1.5.0.jar;D:\install-package\apache-maven-3.8.2-bin\apache-maven-3.8.2\myRes\com\vaadin\external\google\android-json\0.0.20131108.vaadin1\android-json-0.0.20131108.vaadin1.jar;D:\install-package\apache-maven-3.8.2-bin\apache-maven-3.8.2\myRes\org\springframework\spring-core\5.2.2.RELEASE\spring-core-5.2.2.RELEASE.jar;D:\install-package\apache-maven-3.8.2-bin\apache-maven-3.8.2\myRes\org\springframework\spring-jcl\5.2.2.RELEASE\spring-jcl-5.2.2.RELEASE.jar;D:\install-package\apache-maven-3.8.2-bin\apache-maven-3.8.2\myRes\org\springframework\spring-test\5.2.2.RELEASE\spring-test-5.2.2.RELEASE.jar;D:\install-package\apache-maven-3.8.2-bin\apache-maven-3.8.2\myRes\org\xmlunit\xmlunit-core\2.6.3\xmlunit-core-2.6.3.jar;D:\install-package\apache-maven-3.8.2-bin\apache-maven-3.8.2\myRes\org\mybatis\spring\boot\mybatis-spring-boot-starter\2.1.1\mybatis-spring-boot-starter-2.1.1.jar;D:\install-package\apache-maven-3.8.2-bin\apache-maven-3.8.2\myRes\org\springframework\boot\spring-boot-starter-jdbc\2.2.2.RELEASE\spring-boot-starter-jdbc-2.2.2.RELEASE.jar;D:\install-package\apache-maven-3.8.2-bin\apache-maven-3.8.2\myRes\com\zaxxer\HikariCP\3.4.1\HikariCP-3.4.1.jar;D:\install-package\apache-maven-3.8.2-bin\apache-maven-3.8.2\myRes\org\springframework\spring-jdbc\5.2.2.RELEASE\spring-jdbc-5.2.2.RELEASE.jar;D:\install-package\apache-maven-3.8.2-bin\apache-maven-3.8.2\myRes\org\springframework\spring-tx\5.2.2.RELEASE\spring-tx-5.2.2.RELEASE.jar;D:\install-package\apache-maven-3.8.2-bin\apache-maven-3.8.2\myRes\org\mybatis\spring\boot\mybatis-spring-boot-autoconfigure\2.1.1\mybatis-spring-boot-autoconfigure-2.1.1.jar;D:\install-package\apache-maven-3.8.2-bin\apache-maven-3.8.2\myRes\org\mybatis\mybatis\3.5.3\mybatis-3.5.3.jar;D:\install-package\apache-maven-3.8.2-bin\apache-maven-3.8.2\myRes\org\mybatis\mybatis-spring\2.0.3\mybatis-spring-2.0.3.jar;D:\install-package\apache-maven-3.8.2-bin\apache-maven-3.8.2\myRes\com\github\pagehelper\pagehelper-spring-boot-starter\1.2.13\pagehelper-spring-boot-starter-1.2.13.jar;D:\install-package\apache-maven-3.8.2-bin\apache-maven-3.8.2\myRes\com\github\pagehelper\pagehelper-spring-boot-autoconfigure\1.2.13\pagehelper-spring-boot-autoconfigure-1.2.13.jar;D:\install-package\apache-maven-3.8.2-bin\apache-maven-3.8.2\myRes\com\github\pagehelper\pagehelper\5.1.11\pagehelper-5.1.11.jar;D:\install-package\apache-maven-3.8.2-bin\apache-maven-3.8.2\myRes\com\github\jsqlparser\jsqlparser\2.0\jsqlparser-2.0.jar;D:\install-package\apache-maven-3.8.2-bin\apache-maven-3.8.2\myRes\mysql\mysql-connector-java\8.0.18\mysql-connector-java-8.0.18.jar;D:\install-package\apache-maven-3.8.2-bin\apache-maven-3.8.2\myRes\com\mchange\c3p0\0.9.5.5\c3p0-0.9.5.5.jar;D:\install-package\apache-maven-3.8.2-bin\apache-maven-3.8.2\myRes\com\mchange\mchange-commons-java\0.2.19\mchange-commons-java-0.2.19.jar;D:\install-package\apache-maven-3.8.2-bin\apache-maven-3.8.2\myRes\org\apache\commons\commons-lang3\3.5\commons-lang3-3.5.jar;D:\install-package\apache-maven-3.8.2-bin\apache-maven-3.8.2\myRes\com\alibaba\fastjson\1.2.47\fastjson-1.2.47.jar;D:\install-package\apache-maven-3.8.2-bin\apache-maven-3.8.2\myRes\org\springframework\boot\spring-boot-devtools\2.2.2.RELEASE\spring-boot-devtools-2.2.2.RELEASE.jar;D:\install-package\apache-maven-3.8.2-bin\apache-maven-3.8.2\myRes\org\springframework\boot\spring-boot\2.2.2.RELEASE\spring-boot-2.2.2.RELEASE.jar;D:\install-package\apache-maven-3.8.2-bin\apache-maven-3.8.2\myRes\org\springframework\boot\spring-boot-autoconfigure\2.2.2.RELEASE\spring-boot-autoconfigure-2.2.2.RELEASE.jar;"/>
    <property name="java.vm.vendor" value="Oracle Corporation"/>
    <property name="sun.arch.data.model" value="64"/>
    <property name="user.variant" value=""/>
    <property name="java.vendor.url" value="https://openjdk.java.net/"/>
    <property name="user.timezone" value="Asia/Shanghai"/>
    <property name="java.vm.specification.version" value="11"/>
    <property name="os.name" value="Windows 10"/>
    <property name="sun.java.launcher" value="SUN_STANDARD"/>
    <property name="user.country" value="CN"/>
    <property name="sun.boot.library.path" value="D:\Java\jdk11.0.12\bin"/>
    <property name="sun.java.command" value="C:\Users\86134\AppData\Local\Temp\surefire16635142417115526601\surefirebooter5517616349731458116.jar C:\Users\86134\AppData\Local\Temp\surefire16635142417115526601 2022-01-11T17-26-32_642-jvmRun1 surefire17096056490457744375tmp surefire_0962354163732825077tmp"/>
    <property name="jdk.debug" value="release"/>
    <property name="surefire.test.class.path" value="D:\IDEA\CRM\crm_01\target\test-classes;D:\IDEA\CRM\crm_01\target\classes;D:\install-package\apache-maven-3.8.2-bin\apache-maven-3.8.2\myRes\junit\junit\4.12\junit-4.12.jar;D:\install-package\apache-maven-3.8.2-bin\apache-maven-3.8.2\myRes\org\hamcrest\hamcrest-core\2.1\hamcrest-core-2.1.jar;D:\install-package\apache-maven-3.8.2-bin\apache-maven-3.8.2\myRes\org\springframework\boot\spring-boot-starter-web\2.2.2.RELEASE\spring-boot-starter-web-2.2.2.RELEASE.jar;D:\install-package\apache-maven-3.8.2-bin\apache-maven-3.8.2\myRes\org\springframework\boot\spring-boot-starter\2.2.2.RELEASE\spring-boot-starter-2.2.2.RELEASE.jar;D:\install-package\apache-maven-3.8.2-bin\apache-maven-3.8.2\myRes\org\springframework\boot\spring-boot-starter-logging\2.2.2.RELEASE\spring-boot-starter-logging-2.2.2.RELEASE.jar;D:\install-package\apache-maven-3.8.2-bin\apache-maven-3.8.2\myRes\ch\qos\logback\logback-classic\1.2.3\logback-classic-1.2.3.jar;D:\install-package\apache-maven-3.8.2-bin\apache-maven-3.8.2\myRes\ch\qos\logback\logback-core\1.2.3\logback-core-1.2.3.jar;D:\install-package\apache-maven-3.8.2-bin\apache-maven-3.8.2\myRes\org\apache\logging\log4j\log4j-to-slf4j\2.12.1\log4j-to-slf4j-2.12.1.jar;D:\install-package\apache-maven-3.8.2-bin\apache-maven-3.8.2\myRes\org\apache\logging\log4j\log4j-api\2.12.1\log4j-api-2.12.1.jar;D:\install-package\apache-maven-3.8.2-bin\apache-maven-3.8.2\myRes\org\slf4j\jul-to-slf4j\1.7.29\jul-to-slf4j-1.7.29.jar;D:\install-package\apache-maven-3.8.2-bin\apache-maven-3.8.2\myRes\jakarta\annotation\jakarta.annotation-api\1.3.5\jakarta.annotation-api-1.3.5.jar;D:\install-package\apache-maven-3.8.2-bin\apache-maven-3.8.2\myRes\org\yaml\snakeyaml\1.25\snakeyaml-1.25.jar;D:\install-package\apache-maven-3.8.2-bin\apache-maven-3.8.2\myRes\org\springframework\boot\spring-boot-starter-json\2.2.2.RELEASE\spring-boot-starter-json-2.2.2.RELEASE.jar;D:\install-package\apache-maven-3.8.2-bin\apache-maven-3.8.2\myRes\com\fasterxml\jackson\core\jackson-databind\2.10.1\jackson-databind-2.10.1.jar;D:\install-package\apache-maven-3.8.2-bin\apache-maven-3.8.2\myRes\com\fasterxml\jackson\core\jackson-annotations\2.10.1\jackson-annotations-2.10.1.jar;D:\install-package\apache-maven-3.8.2-bin\apache-maven-3.8.2\myRes\com\fasterxml\jackson\core\jackson-core\2.10.1\jackson-core-2.10.1.jar;D:\install-package\apache-maven-3.8.2-bin\apache-maven-3.8.2\myRes\com\fasterxml\jackson\datatype\jackson-datatype-jdk8\2.10.1\jackson-datatype-jdk8-2.10.1.jar;D:\install-package\apache-maven-3.8.2-bin\apache-maven-3.8.2\myRes\com\fasterxml\jackson\datatype\jackson-datatype-jsr310\2.10.1\jackson-datatype-jsr310-2.10.1.jar;D:\install-package\apache-maven-3.8.2-bin\apache-maven-3.8.2\myRes\com\fasterxml\jackson\module\jackson-module-parameter-names\2.10.1\jackson-module-parameter-names-2.10.1.jar;D:\install-package\apache-maven-3.8.2-bin\apache-maven-3.8.2\myRes\org\springframework\boot\spring-boot-starter-tomcat\2.2.2.RELEASE\spring-boot-starter-tomcat-2.2.2.RELEASE.jar;D:\install-package\apache-maven-3.8.2-bin\apache-maven-3.8.2\myRes\org\apache\tomcat\embed\tomcat-embed-core\9.0.29\tomcat-embed-core-9.0.29.jar;D:\install-package\apache-maven-3.8.2-bin\apache-maven-3.8.2\myRes\org\apache\tomcat\embed\tomcat-embed-el\9.0.29\tomcat-embed-el-9.0.29.jar;D:\install-package\apache-maven-3.8.2-bin\apache-maven-3.8.2\myRes\org\apache\tomcat\embed\tomcat-embed-websocket\9.0.29\tomcat-embed-websocket-9.0.29.jar;D:\install-package\apache-maven-3.8.2-bin\apache-maven-3.8.2\myRes\org\springframework\boot\spring-boot-starter-validation\2.2.2.RELEASE\spring-boot-starter-validation-2.2.2.RELEASE.jar;D:\install-package\apache-maven-3.8.2-bin\apache-maven-3.8.2\myRes\jakarta\validation\jakarta.validation-api\2.0.1\jakarta.validation-api-2.0.1.jar;D:\install-package\apache-maven-3.8.2-bin\apache-maven-3.8.2\myRes\org\hibernate\validator\hibernate-validator\6.0.18.Final\hibernate-validator-6.0.18.Final.jar;D:\install-package\apache-maven-3.8.2-bin\apache-maven-3.8.2\myRes\org\jboss\logging\jboss-logging\3.4.1.Final\jboss-logging-3.4.1.Final.jar;D:\install-package\apache-maven-3.8.2-bin\apache-maven-3.8.2\myRes\com\fasterxml\classmate\1.5.1\classmate-1.5.1.jar;D:\install-package\apache-maven-3.8.2-bin\apache-maven-3.8.2\myRes\org\springframework\spring-web\5.2.2.RELEASE\spring-web-5.2.2.RELEASE.jar;D:\install-package\apache-maven-3.8.2-bin\apache-maven-3.8.2\myRes\org\springframework\spring-beans\5.2.2.RELEASE\spring-beans-5.2.2.RELEASE.jar;D:\install-package\apache-maven-3.8.2-bin\apache-maven-3.8.2\myRes\org\springframework\spring-webmvc\5.2.2.RELEASE\spring-webmvc-5.2.2.RELEASE.jar;D:\install-package\apache-maven-3.8.2-bin\apache-maven-3.8.2\myRes\org\springframework\spring-context\5.2.2.RELEASE\spring-context-5.2.2.RELEASE.jar;D:\install-package\apache-maven-3.8.2-bin\apache-maven-3.8.2\myRes\org\springframework\spring-expression\5.2.2.RELEASE\spring-expression-5.2.2.RELEASE.jar;D:\install-package\apache-maven-3.8.2-bin\apache-maven-3.8.2\myRes\org\springframework\boot\spring-boot-starter-aop\2.2.2.RELEASE\spring-boot-starter-aop-2.2.2.RELEASE.jar;D:\install-package\apache-maven-3.8.2-bin\apache-maven-3.8.2\myRes\org\springframework\spring-aop\5.2.2.RELEASE\spring-aop-5.2.2.RELEASE.jar;D:\install-package\apache-maven-3.8.2-bin\apache-maven-3.8.2\myRes\org\aspectj\aspectjweaver\1.9.5\aspectjweaver-1.9.5.jar;D:\install-package\apache-maven-3.8.2-bin\apache-maven-3.8.2\myRes\org\springframework\boot\spring-boot-starter-freemarker\2.2.2.RELEASE\spring-boot-starter-freemarker-2.2.2.RELEASE.jar;D:\install-package\apache-maven-3.8.2-bin\apache-maven-3.8.2\myRes\org\freemarker\freemarker\2.3.29\freemarker-2.3.29.jar;D:\install-package\apache-maven-3.8.2-bin\apache-maven-3.8.2\myRes\org\springframework\spring-context-support\5.2.2.RELEASE\spring-context-support-5.2.2.RELEASE.jar;D:\install-package\apache-maven-3.8.2-bin\apache-maven-3.8.2\myRes\org\springframework\boot\spring-boot-starter-test\2.2.2.RELEASE\spring-boot-starter-test-2.2.2.RELEASE.jar;D:\install-package\apache-maven-3.8.2-bin\apache-maven-3.8.2\myRes\org\springframework\boot\spring-boot-test\2.2.2.RELEASE\spring-boot-test-2.2.2.RELEASE.jar;D:\install-package\apache-maven-3.8.2-bin\apache-maven-3.8.2\myRes\org\springframework\boot\spring-boot-test-autoconfigure\2.2.2.RELEASE\spring-boot-test-autoconfigure-2.2.2.RELEASE.jar;D:\install-package\apache-maven-3.8.2-bin\apache-maven-3.8.2\myRes\com\jayway\jsonpath\json-path\2.4.0\json-path-2.4.0.jar;D:\install-package\apache-maven-3.8.2-bin\apache-maven-3.8.2\myRes\net\minidev\json-smart\2.3\json-smart-2.3.jar;D:\install-package\apache-maven-3.8.2-bin\apache-maven-3.8.2\myRes\net\minidev\accessors-smart\1.2\accessors-smart-1.2.jar;D:\install-package\apache-maven-3.8.2-bin\apache-maven-3.8.2\myRes\org\ow2\asm\asm\5.0.4\asm-5.0.4.jar;D:\install-package\apache-maven-3.8.2-bin\apache-maven-3.8.2\myRes\org\slf4j\slf4j-api\1.7.29\slf4j-api-1.7.29.jar;D:\install-package\apache-maven-3.8.2-bin\apache-maven-3.8.2\myRes\jakarta\xml\bind\jakarta.xml.bind-api\2.3.2\jakarta.xml.bind-api-2.3.2.jar;D:\install-package\apache-maven-3.8.2-bin\apache-maven-3.8.2\myRes\jakarta\activation\jakarta.activation-api\1.2.1\jakarta.activation-api-1.2.1.jar;D:\install-package\apache-maven-3.8.2-bin\apache-maven-3.8.2\myRes\org\junit\jupiter\junit-jupiter\5.5.2\junit-jupiter-5.5.2.jar;D:\install-package\apache-maven-3.8.2-bin\apache-maven-3.8.2\myRes\org\junit\jupiter\junit-jupiter-api\5.5.2\junit-jupiter-api-5.5.2.jar;D:\install-package\apache-maven-3.8.2-bin\apache-maven-3.8.2\myRes\org\opentest4j\opentest4j\1.2.0\opentest4j-1.2.0.jar;D:\install-package\apache-maven-3.8.2-bin\apache-maven-3.8.2\myRes\org\junit\platform\junit-platform-commons\1.5.2\junit-platform-commons-1.5.2.jar;D:\install-package\apache-maven-3.8.2-bin\apache-maven-3.8.2\myRes\org\junit\jupiter\junit-jupiter-params\5.5.2\junit-jupiter-params-5.5.2.jar;D:\install-package\apache-maven-3.8.2-bin\apache-maven-3.8.2\myRes\org\junit\jupiter\junit-jupiter-engine\5.5.2\junit-jupiter-engine-5.5.2.jar;D:\install-package\apache-maven-3.8.2-bin\apache-maven-3.8.2\myRes\org\junit\vintage\junit-vintage-engine\5.5.2\junit-vintage-engine-5.5.2.jar;D:\install-package\apache-maven-3.8.2-bin\apache-maven-3.8.2\myRes\org\apiguardian\apiguardian-api\1.1.0\apiguardian-api-1.1.0.jar;D:\install-package\apache-maven-3.8.2-bin\apache-maven-3.8.2\myRes\org\junit\platform\junit-platform-engine\1.5.2\junit-platform-engine-1.5.2.jar;D:\install-package\apache-maven-3.8.2-bin\apache-maven-3.8.2\myRes\org\mockito\mockito-junit-jupiter\3.1.0\mockito-junit-jupiter-3.1.0.jar;D:\install-package\apache-maven-3.8.2-bin\apache-maven-3.8.2\myRes\org\assertj\assertj-core\3.13.2\assertj-core-3.13.2.jar;D:\install-package\apache-maven-3.8.2-bin\apache-maven-3.8.2\myRes\org\hamcrest\hamcrest\2.1\hamcrest-2.1.jar;D:\install-package\apache-maven-3.8.2-bin\apache-maven-3.8.2\myRes\org\mockito\mockito-core\3.1.0\mockito-core-3.1.0.jar;D:\install-package\apache-maven-3.8.2-bin\apache-maven-3.8.2\myRes\net\bytebuddy\byte-buddy\1.10.4\byte-buddy-1.10.4.jar;D:\install-package\apache-maven-3.8.2-bin\apache-maven-3.8.2\myRes\net\bytebuddy\byte-buddy-agent\1.10.4\byte-buddy-agent-1.10.4.jar;D:\install-package\apache-maven-3.8.2-bin\apache-maven-3.8.2\myRes\org\objenesis\objenesis\2.6\objenesis-2.6.jar;D:\install-package\apache-maven-3.8.2-bin\apache-maven-3.8.2\myRes\org\skyscreamer\jsonassert\1.5.0\jsonassert-1.5.0.jar;D:\install-package\apache-maven-3.8.2-bin\apache-maven-3.8.2\myRes\com\vaadin\external\google\android-json\0.0.20131108.vaadin1\android-json-0.0.20131108.vaadin1.jar;D:\install-package\apache-maven-3.8.2-bin\apache-maven-3.8.2\myRes\org\springframework\spring-core\5.2.2.RELEASE\spring-core-5.2.2.RELEASE.jar;D:\install-package\apache-maven-3.8.2-bin\apache-maven-3.8.2\myRes\org\springframework\spring-jcl\5.2.2.RELEASE\spring-jcl-5.2.2.RELEASE.jar;D:\install-package\apache-maven-3.8.2-bin\apache-maven-3.8.2\myRes\org\springframework\spring-test\5.2.2.RELEASE\spring-test-5.2.2.RELEASE.jar;D:\install-package\apache-maven-3.8.2-bin\apache-maven-3.8.2\myRes\org\xmlunit\xmlunit-core\2.6.3\xmlunit-core-2.6.3.jar;D:\install-package\apache-maven-3.8.2-bin\apache-maven-3.8.2\myRes\org\mybatis\spring\boot\mybatis-spring-boot-starter\2.1.1\mybatis-spring-boot-starter-2.1.1.jar;D:\install-package\apache-maven-3.8.2-bin\apache-maven-3.8.2\myRes\org\springframework\boot\spring-boot-starter-jdbc\2.2.2.RELEASE\spring-boot-starter-jdbc-2.2.2.RELEASE.jar;D:\install-package\apache-maven-3.8.2-bin\apache-maven-3.8.2\myRes\com\zaxxer\HikariCP\3.4.1\HikariCP-3.4.1.jar;D:\install-package\apache-maven-3.8.2-bin\apache-maven-3.8.2\myRes\org\springframework\spring-jdbc\5.2.2.RELEASE\spring-jdbc-5.2.2.RELEASE.jar;D:\install-package\apache-maven-3.8.2-bin\apache-maven-3.8.2\myRes\org\springframework\spring-tx\5.2.2.RELEASE\spring-tx-5.2.2.RELEASE.jar;D:\install-package\apache-maven-3.8.2-bin\apache-maven-3.8.2\myRes\org\mybatis\spring\boot\mybatis-spring-boot-autoconfigure\2.1.1\mybatis-spring-boot-autoconfigure-2.1.1.jar;D:\install-package\apache-maven-3.8.2-bin\apache-maven-3.8.2\myRes\org\mybatis\mybatis\3.5.3\mybatis-3.5.3.jar;D:\install-package\apache-maven-3.8.2-bin\apache-maven-3.8.2\myRes\org\mybatis\mybatis-spring\2.0.3\mybatis-spring-2.0.3.jar;D:\install-package\apache-maven-3.8.2-bin\apache-maven-3.8.2\myRes\com\github\pagehelper\pagehelper-spring-boot-starter\1.2.13\pagehelper-spring-boot-starter-1.2.13.jar;D:\install-package\apache-maven-3.8.2-bin\apache-maven-3.8.2\myRes\com\github\pagehelper\pagehelper-spring-boot-autoconfigure\1.2.13\pagehelper-spring-boot-autoconfigure-1.2.13.jar;D:\install-package\apache-maven-3.8.2-bin\apache-maven-3.8.2\myRes\com\github\pagehelper\pagehelper\5.1.11\pagehelper-5.1.11.jar;D:\install-package\apache-maven-3.8.2-bin\apache-maven-3.8.2\myRes\com\github\jsqlparser\jsqlparser\2.0\jsqlparser-2.0.jar;D:\install-package\apache-maven-3.8.2-bin\apache-maven-3.8.2\myRes\mysql\mysql-connector-java\8.0.18\mysql-connector-java-8.0.18.jar;D:\install-package\apache-maven-3.8.2-bin\apache-maven-3.8.2\myRes\com\mchange\c3p0\0.9.5.5\c3p0-0.9.5.5.jar;D:\install-package\apache-maven-3.8.2-bin\apache-maven-3.8.2\myRes\com\mchange\mchange-commons-java\0.2.19\mchange-commons-java-0.2.19.jar;D:\install-package\apache-maven-3.8.2-bin\apache-maven-3.8.2\myRes\org\apache\commons\commons-lang3\3.5\commons-lang3-3.5.jar;D:\install-package\apache-maven-3.8.2-bin\apache-maven-3.8.2\myRes\com\alibaba\fastjson\1.2.47\fastjson-1.2.47.jar;D:\install-package\apache-maven-3.8.2-bin\apache-maven-3.8.2\myRes\org\springframework\boot\spring-boot-devtools\2.2.2.RELEASE\spring-boot-devtools-2.2.2.RELEASE.jar;D:\install-package\apache-maven-3.8.2-bin\apache-maven-3.8.2\myRes\org\springframework\boot\spring-boot\2.2.2.RELEASE\spring-boot-2.2.2.RELEASE.jar;D:\install-package\apache-maven-3.8.2-bin\apache-maven-3.8.2\myRes\org\springframework\boot\spring-boot-autoconfigure\2.2.2.RELEASE\spring-boot-autoconfigure-2.2.2.RELEASE.jar;"/>
    <property name="sun.cpu.endian" value="little"/>
    <property name="user.home" value="C:\Users\86134"/>
    <property name="user.language" value="zh"/>
    <property name="java.specification.vendor" value="Oracle Corporation"/>
    <property name="java.version.date" value="2021-07-20"/>
    <property name="java.home" value="D:\Java\jdk11.0.12"/>
    <property name="file.separator" value="\"/>
    <property name="basedir" value="D:\IDEA\CRM\crm_01"/>
    <property name="java.vm.compressedOopsMode" value="Zero based"/>
    <property name="line.separator" value="&#10;"/>
    <property name="java.specification.name" value="Java Platform API Specification"/>
    <property name="java.vm.specification.vendor" value="Oracle Corporation"/>
    <property name="java.awt.graphicsenv" value="sun.awt.Win32GraphicsEnvironment"/>
    <property name="surefire.real.class.path" value="C:\Users\86134\AppData\Local\Temp\surefire16635142417115526601\surefirebooter5517616349731458116.jar"/>
    <property name="user.script" value=""/>
    <property name="sun.management.compiler" value="HotSpot 64-Bit Tiered Compilers"/>
    <property name="java.runtime.version" value="11.0.12+8-LTS-237"/>
    <property name="user.name" value="86134"/>
    <property name="path.separator" value=";"/>
    <property name="os.version" value="10.0"/>
    <property name="java.runtime.name" value="Java(TM) SE Runtime Environment"/>
    <property name="file.encoding" value="GBK"/>
    <property name="java.vm.name" value="Java HotSpot(TM) 64-Bit Server VM"/>
    <property name="java.vendor.version" value="18.9"/>
    <property name="localRepository" value="D:\install-package\apache-maven-3.8.2-bin\apache-maven-3.8.2\myRes"/>
    <property name="java.vendor.url.bug" value="https://bugreport.java.com/bugreport/"/>
    <property name="java.io.tmpdir" value="C:\Users\86134\AppData\Local\Temp\"/>
    <property name="idea.version" value="2021.2.3"/>
    <property name="java.version" value="11.0.12"/>
    <property name="user.dir" value="D:\IDEA\CRM\crm_01"/>
    <property name="os.arch" value="amd64"/>
    <property name="java.vm.specification.name" value="Java Virtual Machine Specification"/>
    <property name="java.awt.printerjob" value="sun.awt.windows.WPrinterJob"/>
    <property name="sun.os.patch.level" value=""/>
    <property name="java.library.path" value="D:\Java\jdk11.0.12\bin;C:\WINDOWS\Sun\Java\bin;C:\WINDOWS\system32;C:\WINDOWS;D:\install-package\oracle\app\oracle\product\11.2.0\server\bin;C:\Program Files\Common Files\Oracle\Java\javapath;D:\installation package\VMWare\bin\;C:\Users\86134\AppData\Local\Android\Sdk\platform-tools;D:\Java\jdk11.0.12\bin;D:\Java\jdk11.0.12\jre\bin;C:\Program Files (x86)\Common Files\Oracle\Java\javapath;C:\Windows\system32;C:\Windows;C:\Windows\System32\Wbem;C:\Windows\System32\WindowsPowerShell\v1.0\;C:\Windows\System32\OpenSSH\;C:\Program Files (x86)\NVIDIA Corporation\PhysX\Common;C:\Program Files\Intel\WiFi\bin\;C:\Program Files\Common Files\Intel\WirelessCommon\;D:\installation package\mysql-5.7.28\bin;C:\WINDOWS\system32;C:\WINDOWS;C:\WINDOWS\System32\Wbem;C:\WINDOWS\System32\WindowsPowerShell\v1.0\;C:\WINDOWS\System32\OpenSSH\;D:\course\um\Rational\common;D:\installation package\Git\cmd;C:\ProgramData\chocolatey\bin;C:\Program Files (x86)\Intel\Intel(R) Management Engine Components\DAL;C:\Program Files\Intel\Intel(R) Management Engine Components\DAL;D:\python;D:\python\Scripts;D:\installation package\MySQL\bin;D:\installation package\Xshell\;D:\installation package\Xftp7\;D:\install-package\apache-maven-3.8.2-bin\apache-maven-3.8.2\bin;C:\Users\86134\AppData\Local\Microsoft\WindowsApps;C:\Users\86134\AppData\Local\BypassRuntm;C:\Users\86134\AppData\Local\Microsoft\WindowsApps;;."/>
    <property name="java.vendor" value="Oracle Corporation"/>
    <property name="java.vm.info" value="mixed mode"/>
    <property name="java.vm.version" value="11.0.12+8-LTS-237"/>
    <property name="sun.io.unicode.encoding" value="UnicodeLittle"/>
    <property name="maven.repo.local" value="D:\install-package\apache-maven-3.8.2-bin\apache-maven-3.8.2\myRes"/>
    <property name="java.class.version" value="55.0"/>
  </properties>
  <testcase name="shouldAnswerWithTrue" classname="com.yjxxt.AppTest" time="0.001"/>
</testsuite>